<?xml version="1.0" encoding="UTF-8"?>
<!-- Generated by org.testng.reporters.JUnitXMLReporter -->
<testsuite ignored="0" hostname="Husain" failures="0" tests="6" name="Surefire test" time="0.88" errors="0" timestamp="2023-12-29T02:04:02 EST">
  <testcase classname="mySql.Get_customer_Test" name="Test_SP_Getcustomer" time="0.057"/>
  <testcase classname="mySql.Get_shipped_order_Test" name="Test_SProcedure_Paramiter" time="0.025"/>
  <testcase classname="mySql.NameColumnt_Test" name="Test_name_column" time="0.002"/>
  <testcase classname="mySql.SProcedure_Test" name="Test_StoreProcedureExist" time="0.017"/>
  <testcase classname="mySql.Test_StoreProcedure_Customer" name="test_storeProcedure" time="0.014"/>
  <testcase classname="mySql.Test_StoreP_WithParameter" name="test_StorePro_WithParameter" time="0.011"/>
</testsuite> <!-- Surefire test -->
