<?xml version="1.0" encoding="UTF-8"?>
<!-- Generated by org.testng.reporters.JUnitXMLReporter -->
<testsuite ignored="0" hostname="Husain" failures="0" tests="15" name="Test" time="1.494" errors="0" timestamp="2023-12-29T01:59:42 EST">
  <testcase classname="mySql.Test_StoreProcedure_Customer" name="test_storeProcedure" time="0.088"/>
  <testcase classname="mySql.Get_Student_table" name="Test_getStudent_data" time="0.005"/>
  <testcase classname="mySql.Get_Student_table" name="Test_getColumnFromStudent" time="0.006"/>
  <testcase classname="mySql.Get_Student_table" name="Test_getCityFromStudent" time="0.004"/>
  <testcase classname="mySql.Get_Student_table" name="Test_maxSalaryFromStudent" time="0.004"/>
  <testcase classname="mySql.Get_Student_table" name="Test_countFullName" time="0.004"/>
  <testcase classname="mySql.Get_Student_table" name="Test_GetnameBySno" time="0.005"/>
  <testcase classname="mySql.Customers_Table" name="Test_getData_Customer" time="0.005"/>
  <testcase classname="mySql.SProcedure_Test" name="Test_StoreProcedureExist" time="0.014"/>
  <testcase classname="mySql.NameColumnt_Test" name="Test_name_column" time="0.004"/>
  <testcase classname="mySql.Student" name="Test_allStudent" time="0.003"/>
  <testcase classname="mySql.Find_husain_Student" name="Test_FindName" time="0.004"/>
  <testcase classname="mySql.Test_StoreP_WithParameter" name="test_StorePro_WithParameter" time="0.017"/>
  <testcase classname="mySql.Get_customer_Test" name="Test_SP_Getcustomer" time="0.017"/>
  <testcase classname="mySql.Get_shipped_order_Test" name="Test_SProcedure_Paramiter" time="0.011"/>
</testsuite> <!-- Test -->
