<?xml version="1.0" encoding="UTF-8"?>
<testng-results ignored="0" total="6" passed="6" failed="0" skipped="0">
  <reporter-output>
  </reporter-output>
  <suite started-at="2023-12-29T02:04:01 EST" name="Surefire suite" finished-at="2023-12-29T02:04:02 EST" duration-ms="880">
    <groups>
    </groups>
    <test started-at="2023-12-29T02:04:01 EST" name="Surefire test" finished-at="2023-12-29T02:04:02 EST" duration-ms="880">
      <class name="mySql.SProcedure_Test">
        <test-method is-config="true" signature="setUp()[pri:0, instance:mySql.SProcedure_Test@3c419631]" started-at="2023-12-29T02:04:02 EST" name="setUp" finished-at="2023-12-29T02:04:02 EST" duration-ms="28" status="PASS">
          <reporter-output>
          </reporter-output>
        </test-method> <!-- setUp -->
        <test-method signature="Test_StoreProcedureExist()[pri:1, instance:mySql.SProcedure_Test@3c419631]" started-at="2023-12-29T02:04:02 EST" name="Test_StoreProcedureExist" finished-at="2023-12-29T02:04:02 EST" duration-ms="17" status="PASS">
          <reporter-output>
          </reporter-output>
        </test-method> <!-- Test_StoreProcedureExist -->
        <test-method is-config="true" signature="tearDown()[pri:0, instance:mySql.SProcedure_Test@3c419631]" started-at="2023-12-29T02:04:02 EST" name="tearDown" finished-at="2023-12-29T02:04:02 EST" duration-ms="2" status="PASS">
          <reporter-output>
          </reporter-output>
        </test-method> <!-- tearDown -->
      </class> <!-- mySql.SProcedure_Test -->
      <class name="mySql.NameColumnt_Test">
        <test-method is-config="true" signature="set()[pri:0, instance:mySql.NameColumnt_Test@4a22f9e2]" started-at="2023-12-29T02:04:02 EST" name="set" finished-at="2023-12-29T02:04:02 EST" duration-ms="35" status="PASS">
          <reporter-output>
          </reporter-output>
        </test-method> <!-- set -->
        <test-method signature="Test_name_column()[pri:1, instance:mySql.NameColumnt_Test@4a22f9e2]" started-at="2023-12-29T02:04:02 EST" name="Test_name_column" finished-at="2023-12-29T02:04:02 EST" duration-ms="2" status="PASS">
          <reporter-output>
          </reporter-output>
        </test-method> <!-- Test_name_column -->
        <test-method is-config="true" signature="tearDown()[pri:0, instance:mySql.NameColumnt_Test@4a22f9e2]" started-at="2023-12-29T02:04:02 EST" name="tearDown" finished-at="2023-12-29T02:04:02 EST" duration-ms="2" status="PASS">
          <reporter-output>
          </reporter-output>
        </test-method> <!-- tearDown -->
      </class> <!-- mySql.NameColumnt_Test -->
      <class name="mySql.Test_StoreProcedure_Customer">
        <test-method is-config="true" signature="setUp()[pri:0, instance:mySql.Test_StoreProcedure_Customer@418e7838]" started-at="2023-12-29T02:04:02 EST" name="setUp" finished-at="2023-12-29T02:04:02 EST" duration-ms="30" status="PASS">
          <reporter-output>
          </reporter-output>
        </test-method> <!-- setUp -->
        <test-method signature="test_storeProcedure()[pri:0, instance:mySql.Test_StoreProcedure_Customer@418e7838]" started-at="2023-12-29T02:04:02 EST" name="test_storeProcedure" finished-at="2023-12-29T02:04:02 EST" duration-ms="14" status="PASS">
          <reporter-output>
          </reporter-output>
        </test-method> <!-- test_storeProcedure -->
        <test-method is-config="true" signature="tearDown()[pri:0, instance:mySql.Test_StoreProcedure_Customer@418e7838]" started-at="2023-12-29T02:04:02 EST" name="tearDown" finished-at="2023-12-29T02:04:02 EST" duration-ms="3" status="PASS">
          <reporter-output>
          </reporter-output>
        </test-method> <!-- tearDown -->
      </class> <!-- mySql.Test_StoreProcedure_Customer -->
      <class name="mySql.Test_StoreP_WithParameter">
        <test-method is-config="true" signature="setUp()[pri:0, instance:mySql.Test_StoreP_WithParameter@61230f6a]" started-at="2023-12-29T02:04:02 EST" name="setUp" finished-at="2023-12-29T02:04:02 EST" duration-ms="45" status="PASS">
          <reporter-output>
          </reporter-output>
        </test-method> <!-- setUp -->
        <test-method signature="test_StorePro_WithParameter()[pri:0, instance:mySql.Test_StoreP_WithParameter@61230f6a]" started-at="2023-12-29T02:04:02 EST" name="test_StorePro_WithParameter" finished-at="2023-12-29T02:04:02 EST" duration-ms="11" status="PASS">
          <reporter-output>
          </reporter-output>
        </test-method> <!-- test_StorePro_WithParameter -->
        <test-method is-config="true" signature="tearDown()[pri:0, instance:mySql.Test_StoreP_WithParameter@61230f6a]" started-at="2023-12-29T02:04:02 EST" name="tearDown" finished-at="2023-12-29T02:04:02 EST" duration-ms="2" status="PASS">
          <reporter-output>
          </reporter-output>
        </test-method> <!-- tearDown -->
      </class> <!-- mySql.Test_StoreP_WithParameter -->
      <class name="mySql.Get_shipped_order_Test">
        <test-method is-config="true" signature="setUp()[pri:0, instance:mySql.Get_shipped_order_Test@4b5d6a01]" started-at="2023-12-29T02:04:02 EST" name="setUp" finished-at="2023-12-29T02:04:02 EST" duration-ms="51" status="PASS">
          <reporter-output>
          </reporter-output>
        </test-method> <!-- setUp -->
        <test-method signature="Test_SProcedure_Paramiter()[pri:0, instance:mySql.Get_shipped_order_Test@4b5d6a01]" started-at="2023-12-29T02:04:02 EST" name="Test_SProcedure_Paramiter" finished-at="2023-12-29T02:04:02 EST" duration-ms="25" status="PASS">
          <reporter-output>
          </reporter-output>
        </test-method> <!-- Test_SProcedure_Paramiter -->
        <test-method is-config="true" signature="tearDown()[pri:0, instance:mySql.Get_shipped_order_Test@4b5d6a01]" started-at="2023-12-29T02:04:02 EST" name="tearDown" finished-at="2023-12-29T02:04:02 EST" duration-ms="2" status="PASS">
          <reporter-output>
          </reporter-output>
        </test-method> <!-- tearDown -->
      </class> <!-- mySql.Get_shipped_order_Test -->
      <class name="mySql.Get_customer_Test">
        <test-method is-config="true" signature="setUp()[pri:0, instance:mySql.Get_customer_Test@769f71a9]" started-at="2023-12-29T02:04:01 EST" name="setUp" finished-at="2023-12-29T02:04:02 EST" duration-ms="494" status="PASS">
          <reporter-output>
          </reporter-output>
        </test-method> <!-- setUp -->
        <test-method signature="Test_SP_Getcustomer()[pri:0, instance:mySql.Get_customer_Test@769f71a9]" started-at="2023-12-29T02:04:02 EST" name="Test_SP_Getcustomer" finished-at="2023-12-29T02:04:02 EST" duration-ms="57" status="PASS">
          <reporter-output>
          </reporter-output>
        </test-method> <!-- Test_SP_Getcustomer -->
        <test-method is-config="true" signature="tearDown()[pri:0, instance:mySql.Get_customer_Test@769f71a9]" started-at="2023-12-29T02:04:02 EST" name="tearDown" finished-at="2023-12-29T02:04:02 EST" duration-ms="3" status="PASS">
          <reporter-output>
          </reporter-output>
        </test-method> <!-- tearDown -->
      </class> <!-- mySql.Get_customer_Test -->
    </test> <!-- Surefire test -->
  </suite> <!-- Surefire suite -->
</testng-results>
