<?xml version="1.0" encoding="UTF-8"?>
<testng-results ignored="0" total="15" passed="15" failed="0" skipped="0">
  <reporter-output>
  </reporter-output>
  <suite started-at="2023-12-29T01:59:40 EST" name="Suite" finished-at="2023-12-29T01:59:42 EST" duration-ms="1494">
    <groups>
    </groups>
    <test started-at="2023-12-29T01:59:40 EST" name="Test" finished-at="2023-12-29T01:59:42 EST" duration-ms="1494">
      <class name="mySql.SProcedure_Test">
        <test-method is-config="true" signature="setUp()[pri:0, instance:mySql.SProcedure_Test@26794848]" started-at="2023-12-29T01:59:41 EST" name="setUp" finished-at="2023-12-29T01:59:41 EST" duration-ms="30" status="PASS">
          <reporter-output>
          </reporter-output>
        </test-method> <!-- setUp -->
        <test-method signature="Test_StoreProcedureExist()[pri:1, instance:mySql.SProcedure_Test@26794848]" started-at="2023-12-29T01:59:41 EST" name="Test_StoreProcedureExist" finished-at="2023-12-29T01:59:41 EST" duration-ms="14" status="PASS">
          <reporter-output>
          </reporter-output>
        </test-method> <!-- Test_StoreProcedureExist -->
        <test-method is-config="true" signature="tearDown()[pri:0, instance:mySql.SProcedure_Test@26794848]" started-at="2023-12-29T01:59:41 EST" name="tearDown" finished-at="2023-12-29T01:59:41 EST" duration-ms="2" status="PASS">
          <reporter-output>
          </reporter-output>
        </test-method> <!-- tearDown -->
      </class> <!-- mySql.SProcedure_Test -->
      <class name="mySql.Student">
        <test-method is-config="true" signature="setUp()[pri:0, instance:mySql.Student@3d285d7e]" started-at="2023-12-29T01:59:41 EST" name="setUp" finished-at="2023-12-29T01:59:41 EST" duration-ms="22" status="PASS">
          <reporter-output>
          </reporter-output>
        </test-method> <!-- setUp -->
        <test-method signature="Test_allStudent()[pri:0, instance:mySql.Student@3d285d7e]" started-at="2023-12-29T01:59:41 EST" name="Test_allStudent" finished-at="2023-12-29T01:59:41 EST" duration-ms="3" status="PASS">
          <reporter-output>
          </reporter-output>
        </test-method> <!-- Test_allStudent -->
        <test-method is-config="true" signature="TearDown()[pri:0, instance:mySql.Student@3d285d7e]" started-at="2023-12-29T01:59:41 EST" name="TearDown" finished-at="2023-12-29T01:59:41 EST" duration-ms="3" status="PASS">
          <reporter-output>
          </reporter-output>
        </test-method> <!-- TearDown -->
      </class> <!-- mySql.Student -->
      <class name="mySql.Find_husain_Student">
        <test-method is-config="true" signature="setUp()[pri:0, instance:mySql.Find_husain_Student@40005471]" started-at="2023-12-29T01:59:41 EST" name="setUp" finished-at="2023-12-29T01:59:42 EST" duration-ms="20" status="PASS">
          <reporter-output>
          </reporter-output>
        </test-method> <!-- setUp -->
        <test-method signature="Test_FindName()[pri:0, instance:mySql.Find_husain_Student@40005471]" started-at="2023-12-29T01:59:42 EST" name="Test_FindName" finished-at="2023-12-29T01:59:42 EST" duration-ms="4" status="PASS">
          <reporter-output>
          </reporter-output>
        </test-method> <!-- Test_FindName -->
        <test-method is-config="true" signature="tearDown()[pri:0, instance:mySql.Find_husain_Student@40005471]" started-at="2023-12-29T01:59:42 EST" name="tearDown" finished-at="2023-12-29T01:59:42 EST" duration-ms="2" status="PASS">
          <reporter-output>
          </reporter-output>
        </test-method> <!-- tearDown -->
      </class> <!-- mySql.Find_husain_Student -->
      <class name="mySql.Get_Student_table">
        <test-method is-config="true" signature="setUp()[pri:0, instance:mySql.Get_Student_table@4e08711f]" started-at="2023-12-29T01:59:41 EST" name="setUp" finished-at="2023-12-29T01:59:41 EST" duration-ms="31" status="PASS">
          <reporter-output>
          </reporter-output>
        </test-method> <!-- setUp -->
        <test-method signature="Test_getStudent_data()[pri:1, instance:mySql.Get_Student_table@4e08711f]" started-at="2023-12-29T01:59:41 EST" name="Test_getStudent_data" finished-at="2023-12-29T01:59:41 EST" duration-ms="5" status="PASS">
          <reporter-output>
          </reporter-output>
        </test-method> <!-- Test_getStudent_data -->
        <test-method signature="Test_getColumnFromStudent()[pri:2, instance:mySql.Get_Student_table@4e08711f]" started-at="2023-12-29T01:59:41 EST" name="Test_getColumnFromStudent" finished-at="2023-12-29T01:59:41 EST" duration-ms="6" status="PASS">
          <reporter-output>
          </reporter-output>
        </test-method> <!-- Test_getColumnFromStudent -->
        <test-method signature="Test_getCityFromStudent()[pri:3, instance:mySql.Get_Student_table@4e08711f]" started-at="2023-12-29T01:59:41 EST" name="Test_getCityFromStudent" finished-at="2023-12-29T01:59:41 EST" duration-ms="4" status="PASS">
          <reporter-output>
          </reporter-output>
        </test-method> <!-- Test_getCityFromStudent -->
        <test-method signature="Test_maxSalaryFromStudent()[pri:4, instance:mySql.Get_Student_table@4e08711f]" started-at="2023-12-29T01:59:41 EST" name="Test_maxSalaryFromStudent" finished-at="2023-12-29T01:59:41 EST" duration-ms="4" status="PASS">
          <reporter-output>
          </reporter-output>
        </test-method> <!-- Test_maxSalaryFromStudent -->
        <test-method signature="Test_countFullName()[pri:5, instance:mySql.Get_Student_table@4e08711f]" started-at="2023-12-29T01:59:41 EST" name="Test_countFullName" finished-at="2023-12-29T01:59:41 EST" duration-ms="4" status="PASS">
          <reporter-output>
          </reporter-output>
        </test-method> <!-- Test_countFullName -->
        <test-method signature="Test_GetnameBySno()[pri:6, instance:mySql.Get_Student_table@4e08711f]" started-at="2023-12-29T01:59:41 EST" name="Test_GetnameBySno" finished-at="2023-12-29T01:59:41 EST" duration-ms="5" status="PASS">
          <reporter-output>
          </reporter-output>
        </test-method> <!-- Test_GetnameBySno -->
        <test-method is-config="true" signature="tearDown()[pri:0, instance:mySql.Get_Student_table@4e08711f]" started-at="2023-12-29T01:59:41 EST" name="tearDown" finished-at="2023-12-29T01:59:41 EST" duration-ms="3" status="PASS">
          <reporter-output>
          </reporter-output>
        </test-method> <!-- tearDown -->
      </class> <!-- mySql.Get_Student_table -->
      <class name="mySql.NameColumnt_Test">
        <test-method is-config="true" signature="set()[pri:0, instance:mySql.NameColumnt_Test@302552ec]" started-at="2023-12-29T01:59:41 EST" name="set" finished-at="2023-12-29T01:59:41 EST" duration-ms="27" status="PASS">
          <reporter-output>
          </reporter-output>
        </test-method> <!-- set -->
        <test-method signature="Test_name_column()[pri:1, instance:mySql.NameColumnt_Test@302552ec]" started-at="2023-12-29T01:59:41 EST" name="Test_name_column" finished-at="2023-12-29T01:59:41 EST" duration-ms="4" status="PASS">
          <reporter-output>
          </reporter-output>
        </test-method> <!-- Test_name_column -->
        <test-method is-config="true" signature="tearDown()[pri:0, instance:mySql.NameColumnt_Test@302552ec]" started-at="2023-12-29T01:59:41 EST" name="tearDown" finished-at="2023-12-29T01:59:41 EST" duration-ms="2" status="PASS">
          <reporter-output>
          </reporter-output>
        </test-method> <!-- tearDown -->
      </class> <!-- mySql.NameColumnt_Test -->
      <class name="mySql.Customers_Table">
        <test-method is-config="true" signature="setUp()[pri:0, instance:mySql.Customers_Table@bcec361]" started-at="2023-12-29T01:59:41 EST" name="setUp" finished-at="2023-12-29T01:59:41 EST" duration-ms="33" status="PASS">
          <reporter-output>
          </reporter-output>
        </test-method> <!-- setUp -->
        <test-method signature="Test_getData_Customer()[pri:0, instance:mySql.Customers_Table@bcec361]" started-at="2023-12-29T01:59:41 EST" name="Test_getData_Customer" finished-at="2023-12-29T01:59:41 EST" duration-ms="5" status="PASS">
          <reporter-output>
          </reporter-output>
        </test-method> <!-- Test_getData_Customer -->
        <test-method is-config="true" signature="tearDown()[pri:0, instance:mySql.Customers_Table@bcec361]" started-at="2023-12-29T01:59:41 EST" name="tearDown" finished-at="2023-12-29T01:59:41 EST" duration-ms="2" status="PASS">
          <reporter-output>
          </reporter-output>
        </test-method> <!-- tearDown -->
      </class> <!-- mySql.Customers_Table -->
      <class name="mySql.Test_StoreProcedure_Customer">
        <test-method is-config="true" signature="setUp()[pri:0, instance:mySql.Test_StoreProcedure_Customer@489115ef]" started-at="2023-12-29T01:59:41 EST" name="setUp" finished-at="2023-12-29T01:59:41 EST" duration-ms="509" status="PASS">
          <reporter-output>
          </reporter-output>
        </test-method> <!-- setUp -->
        <test-method signature="test_storeProcedure()[pri:0, instance:mySql.Test_StoreProcedure_Customer@489115ef]" started-at="2023-12-29T01:59:41 EST" name="test_storeProcedure" finished-at="2023-12-29T01:59:41 EST" duration-ms="88" status="PASS">
          <reporter-output>
          </reporter-output>
        </test-method> <!-- test_storeProcedure -->
        <test-method is-config="true" signature="tearDown()[pri:0, instance:mySql.Test_StoreProcedure_Customer@489115ef]" started-at="2023-12-29T01:59:41 EST" name="tearDown" finished-at="2023-12-29T01:59:41 EST" duration-ms="6" status="PASS">
          <reporter-output>
          </reporter-output>
        </test-method> <!-- tearDown -->
      </class> <!-- mySql.Test_StoreProcedure_Customer -->
      <class name="mySql.Test_StoreP_WithParameter">
        <test-method is-config="true" signature="setUp()[pri:0, instance:mySql.Test_StoreP_WithParameter@2cd76f31]" started-at="2023-12-29T01:59:42 EST" name="setUp" finished-at="2023-12-29T01:59:42 EST" duration-ms="24" status="PASS">
          <reporter-output>
          </reporter-output>
        </test-method> <!-- setUp -->
        <test-method signature="test_StorePro_WithParameter()[pri:0, instance:mySql.Test_StoreP_WithParameter@2cd76f31]" started-at="2023-12-29T01:59:42 EST" name="test_StorePro_WithParameter" finished-at="2023-12-29T01:59:42 EST" duration-ms="17" status="PASS">
          <reporter-output>
          </reporter-output>
        </test-method> <!-- test_StorePro_WithParameter -->
        <test-method is-config="true" signature="tearDown()[pri:0, instance:mySql.Test_StoreP_WithParameter@2cd76f31]" started-at="2023-12-29T01:59:42 EST" name="tearDown" finished-at="2023-12-29T01:59:42 EST" duration-ms="2" status="PASS">
          <reporter-output>
          </reporter-output>
        </test-method> <!-- tearDown -->
      </class> <!-- mySql.Test_StoreP_WithParameter -->
      <class name="mySql.Get_shipped_order_Test">
        <test-method is-config="true" signature="setUp()[pri:0, instance:mySql.Get_shipped_order_Test@49438269]" started-at="2023-12-29T01:59:42 EST" name="setUp" finished-at="2023-12-29T01:59:42 EST" duration-ms="23" status="PASS">
          <reporter-output>
          </reporter-output>
        </test-method> <!-- setUp -->
        <test-method signature="Test_SProcedure_Paramiter()[pri:0, instance:mySql.Get_shipped_order_Test@49438269]" started-at="2023-12-29T01:59:42 EST" name="Test_SProcedure_Paramiter" finished-at="2023-12-29T01:59:42 EST" duration-ms="11" status="PASS">
          <reporter-output>
          </reporter-output>
        </test-method> <!-- Test_SProcedure_Paramiter -->
        <test-method is-config="true" signature="tearDown()[pri:0, instance:mySql.Get_shipped_order_Test@49438269]" started-at="2023-12-29T01:59:42 EST" name="tearDown" finished-at="2023-12-29T01:59:42 EST" duration-ms="3" status="PASS">
          <reporter-output>
          </reporter-output>
        </test-method> <!-- tearDown -->
      </class> <!-- mySql.Get_shipped_order_Test -->
      <class name="mySql.Get_customer_Test">
        <test-method is-config="true" signature="setUp()[pri:0, instance:mySql.Get_customer_Test@367ffa75]" started-at="2023-12-29T01:59:42 EST" name="setUp" finished-at="2023-12-29T01:59:42 EST" duration-ms="28" status="PASS">
          <reporter-output>
          </reporter-output>
        </test-method> <!-- setUp -->
        <test-method signature="Test_SP_Getcustomer()[pri:0, instance:mySql.Get_customer_Test@367ffa75]" started-at="2023-12-29T01:59:42 EST" name="Test_SP_Getcustomer" finished-at="2023-12-29T01:59:42 EST" duration-ms="17" status="PASS">
          <reporter-output>
          </reporter-output>
        </test-method> <!-- Test_SP_Getcustomer -->
        <test-method is-config="true" signature="tearDown()[pri:0, instance:mySql.Get_customer_Test@367ffa75]" started-at="2023-12-29T01:59:42 EST" name="tearDown" finished-at="2023-12-29T01:59:42 EST" duration-ms="3" status="PASS">
          <reporter-output>
          </reporter-output>
        </test-method> <!-- tearDown -->
      </class> <!-- mySql.Get_customer_Test -->
    </test> <!-- Test -->
  </suite> <!-- Suite -->
</testng-results>
